<?xml version="1.0" encoding="UTF-8"?>
<testsuite name="Realizar registro en la pagina de practica de automatizacion" tests="1" skipped="0" failures="0" errors="0" timestamp="2020-06-30T19:04:06" hostname="CHMEP5CD9326Y5J" time="18.66">
  <properties/>
  <testcase name="registrarse en la pagina exitosamente" classname="Realizar registro en la pagina de practica de automatizacion" time="18.66"/>
  <system-out><![CDATA[]]></system-out>
  <system-err><![CDATA[jun 30, 2020 2:04:06 PM org.openqa.selenium.remote.DesiredCapabilities chrome
INFORMACIÓN: Using `new ChromeOptions()` is preferred to `DesiredCapabilities.chrome()`
Starting ChromeDriver 83.0.4103.39 (ccbf011cb2d2b19b506d844400483861342c20cd-refs/branch-heads/4103@{#416}) on port 47990
Only local connections are allowed.
Please see https://chromedriver.chromium.org/security-considerations for suggestions on keeping ChromeDriver safe.
ChromeDriver was started successfully.
jun 30, 2020 2:04:10 PM org.openqa.selenium.remote.ProtocolHandshake createSession
INFORMACIÓN: Detected dialect: W3C
[Test worker] INFO net.serenitybdd.core.Serenity - 
        __    _____ _____ ____ _____   ____   _    ____  ____  _____ ____  
  _     \ \  |_   _| ____/ ___|_   _| |  _ \ / \  / ___|/ ___|| ____|  _ \ 
 (_)_____| |   | | |  _| \___ \ | |   | |_) / _ \ \___ \\___ \|  _| | | | |
  _|_____| |   | | | |___ ___) || |   |  __/ ___ \ ___) |___) | |___| |_| |
 (_)     | |   |_| |_____|____/ |_|   |_| /_/   \_\____/|____/|_____|____/ 
        /_/                                                                

TEST PASSED: registrarse en la pagina exitosamente
----------------------------------------------------------------------------
]]></system-err>
</testsuite>
